<?xml version="1.0" encoding="UTF-8"?>
<!-- Generated by org.testng.reporters.JUnitReportReporter -->
<testsuite skipped="0" hostname="THINKPAD-PC" name="com.test.Chrome" tests="1" failures="0" timestamp="10 Nov 2017 07:58:53 GMT" time="9.883" errors="0">
  <testcase name="test1" time="9.883" classname="com.test.Chrome"/>
</testsuite> <!-- com.test.Chrome -->
