<?xml version="1.0" encoding="UTF-8"?>
<!-- Generated by org.testng.reporters.JUnitReportReporter -->
<testsuite skipped="0" hostname="THINKPAD-PC" name="com.selenium.unittest.max.Home" tests="2" failures="0" timestamp="24 Oct 2017 02:33:23 GMT" time="7.199" errors="0">
  <testcase name="linkRegister" time="6.282" classname="com.selenium.unittest.max.Home"/>
  <testcase name="linkSignIn" time="0.917" classname="com.selenium.unittest.max.Home"/>
</testsuite> <!-- com.selenium.unittest.max.Home -->
