<?xml version="1.0" encoding="UTF-8"?>
<!-- Generated by org.testng.reporters.JUnitReportReporter -->
<testsuite skipped="5" hostname="DESKTOP-R9PDO4C" name="com.selenium.unittest.max.Login" tests="5" failures="0" timestamp="22 Nov 2017 02:54:52 GMT" time="0.000" errors="0">
  <testcase name="emptyPassword" time="0.000" classname="com.selenium.unittest.max.Login">
    <skipped/>
  </testcase> <!-- emptyPassword -->
  <testcase name="invalidEmailForgotPass" time="0.000" classname="com.selenium.unittest.max.Login">
    <skipped/>
  </testcase> <!-- invalidEmailForgotPass -->
  <testcase name="emptyUsername" time="0.000" classname="com.selenium.unittest.max.Login">
    <skipped/>
  </testcase> <!-- emptyUsername -->
  <testcase name="emptyEmailForgotPass" time="0.000" classname="com.selenium.unittest.max.Login">
    <skipped/>
  </testcase> <!-- emptyEmailForgotPass -->
  <testcase name="showFormEmailForgotPassword" time="0.000" classname="com.selenium.unittest.max.Login">
    <skipped/>
  </testcase> <!-- showFormEmailForgotPassword -->
</testsuite> <!-- com.selenium.unittest.max.Login -->
