<?xml version="1.0" encoding="UTF-8"?>
<!-- Generated by org.testng.reporters.JUnitReportReporter -->
<testsuite skipped="0" hostname="DESKTOP-R9PDO4C" name="com.selenium.unittest.max.Crawler" tests="6" failures="0" timestamp="17 Nov 2017 03:41:45 GMT" time="20.624" errors="0">
  <testcase name="emptyKeyword" time="3.167" classname="com.selenium.unittest.max.Crawler"/>
  <testcase name="emptySource" time="2.867" classname="com.selenium.unittest.max.Crawler"/>
  <testcase name="emptyKeyword" time="4.276" classname="com.selenium.unittest.max.Crawler"/>
  <testcase name="emptyNameSource" time="2.699" classname="com.selenium.unittest.max.Crawler"/>
  <testcase name="emptyNameSource" time="3.694" classname="com.selenium.unittest.max.Crawler"/>
  <testcase name="emptySource" time="3.921" classname="com.selenium.unittest.max.Crawler"/>
</testsuite> <!-- com.selenium.unittest.max.Crawler -->
