<?xml version="1.0" encoding="UTF-8"?>
<!-- Generated by org.testng.reporters.JUnitReportReporter -->
<testsuite skipped="6" hostname="DESKTOP-R9PDO4C" name="com.selenium.unittest.max.Dictionary" tests="6" failures="0" timestamp="22 Nov 2017 02:54:52 GMT" time="0.001" errors="0">
  <testcase name="spaceKeywordDic" time="0.001" classname="com.selenium.unittest.max.Dictionary">
    <skipped/>
  </testcase> <!-- spaceKeywordDic -->
  <testcase name="nameDictionaryMoreThan255" time="0.000" classname="com.selenium.unittest.max.Dictionary">
    <skipped/>
  </testcase> <!-- nameDictionaryMoreThan255 -->
  <testcase name="emptyKeywordDic" time="0.000" classname="com.selenium.unittest.max.Dictionary">
    <skipped/>
  </testcase> <!-- emptyKeywordDic -->
  <testcase name="emptyNameDictionary" time="0.000" classname="com.selenium.unittest.max.Dictionary">
    <skipped/>
  </testcase> <!-- emptyNameDictionary -->
  <testcase name="deleteDictionary" classname="com.selenium.unittest.max.Dictionary">
    <skipped/>
  </testcase> <!-- deleteDictionary -->
  <testcase name="createDictionary" classname="com.selenium.unittest.max.Dictionary">
    <skipped/>
  </testcase> <!-- createDictionary -->
</testsuite> <!-- com.selenium.unittest.max.Dictionary -->
