<?xml version="1.0" encoding="UTF-8"?>
<!-- Generated by org.testng.reporters.JUnitReportReporter -->
<testsuite skipped="0" hostname="THINKPAD-PC" name="com.selenium.test.topics.Delete" tests="1" failures="0" timestamp="02 Nov 2017 07:22:20 GMT" time="8.716" errors="0">
  <testcase name="deleteTopics" time="8.716" classname="com.selenium.test.topics.Delete"/>
</testsuite> <!-- com.selenium.test.topics.Delete -->
