<?xml version="1.0" encoding="UTF-8"?>
<!-- Generated by org.testng.reporters.JUnitReportReporter -->
<testsuite skipped="0" hostname="THINKPAD-PC" name="com.selenium.integrationtest.max.Registration" tests="2" failures="0" timestamp="26 Sep 2017 10:16:40 GMT" time="20.521" errors="0">
  <testcase name="checkExisttingEmail" time="13.863" classname="com.selenium.integrationtest.max.Registration"/>
  <testcase name="checkExisttingUsername" time="6.658" classname="com.selenium.integrationtest.max.Registration"/>
</testsuite> <!-- com.selenium.integrationtest.max.Registration -->
