<?xml version="1.0" encoding="UTF-8"?>
<!-- Generated by org.testng.reporters.JUnitReportReporter -->
<testsuite skipped="0" hostname="THINKPAD-PC" name="com.test.IE" tests="1" failures="0" timestamp="10 Nov 2017 08:54:54 GMT" time="0.225" errors="0">
  <testcase name="test1" time="0.225" classname="com.test.IE"/>
</testsuite> <!-- com.test.IE -->
