<?xml version="1.0" encoding="UTF-8"?>
<!-- Generated by org.testng.reporters.JUnitReportReporter -->
<testsuite skipped="0" hostname="THINKPAD-PC" name="com.selenium.max.login.Invalid" tests="1" failures="0" timestamp="07 Nov 2017 03:13:01 GMT" time="13.925" errors="0">
  <testcase name="invalidLogin" time="13.925" classname="com.selenium.max.login.Invalid"/>
</testsuite> <!-- com.selenium.max.login.Invalid -->
