<?xml version="1.0" encoding="UTF-8"?>
<!-- Generated by org.testng.reporters.JUnitReportReporter -->
<testsuite skipped="0" hostname="THINKPAD-PC" name="com.selenium.max.source.Create" tests="1" failures="0" timestamp="02 Nov 2017 10:22:29 GMT" time="2.342" errors="0">
  <testcase name="create" time="2.342" classname="com.selenium.max.source.Create"/>
</testsuite> <!-- com.selenium.max.source.Create -->
