<?xml version="1.0" encoding="UTF-8"?>
<!-- Generated by org.testng.reporters.JUnitReportReporter -->
<testsuite skipped="3" hostname="DESKTOP-R9PDO4C" name="com.selenium.unittest.max.Crawler" tests="3" failures="0" timestamp="22 Nov 2017 02:54:52 GMT" time="0.001" errors="0">
  <testcase name="emptySource" time="0.000" classname="com.selenium.unittest.max.Crawler">
    <skipped/>
  </testcase> <!-- emptySource -->
  <testcase name="emptyKeyword" time="0.000" classname="com.selenium.unittest.max.Crawler">
    <skipped/>
  </testcase> <!-- emptyKeyword -->
  <testcase name="emptyNameSource" time="0.001" classname="com.selenium.unittest.max.Crawler">
    <skipped/>
  </testcase> <!-- emptyNameSource -->
</testsuite> <!-- com.selenium.unittest.max.Crawler -->
