<?xml version="1.0" encoding="UTF-8"?>
<!-- Generated by org.testng.reporters.JUnitReportReporter -->
<testsuite skipped="5" hostname="DESKTOP-R9PDO4C" name="com.selenium.unittest.max.Topics" tests="5" failures="0" timestamp="22 Nov 2017 02:54:52 GMT" time="0.000" errors="0">
  <testcase name="emptyKeywordTopicsProductReview" time="0.000" classname="com.selenium.unittest.max.Topics">
    <skipped/>
  </testcase> <!-- emptyKeywordTopicsProductReview -->
  <testcase name="emptySourceTopicsProductReview" time="0.000" classname="com.selenium.unittest.max.Topics">
    <skipped/>
  </testcase> <!-- emptySourceTopicsProductReview -->
  <testcase name="emptyBrandKeywordTopicsProductReview" time="0.000" classname="com.selenium.unittest.max.Topics">
    <skipped/>
  </testcase> <!-- emptyBrandKeywordTopicsProductReview -->
  <testcase name="notSelectIndustryTemplate" classname="com.selenium.unittest.max.Topics">
    <skipped/>
  </testcase> <!-- notSelectIndustryTemplate -->
  <testcase name="notSelectSchemaTemplate" classname="com.selenium.unittest.max.Topics">
    <skipped/>
  </testcase> <!-- notSelectSchemaTemplate -->
</testsuite> <!-- com.selenium.unittest.max.Topics -->
