<?xml version="1.0" encoding="UTF-8"?>
<!-- Generated by org.testng.reporters.JUnitReportReporter -->
<testsuite skipped="0" hostname="THINKPAD-PC" name="com.test.Firefox" tests="1" failures="0" timestamp="10 Nov 2017 08:55:29 GMT" time="4.930" errors="0">
  <testcase name="test1" time="4.930" classname="com.test.Firefox"/>
</testsuite> <!-- com.test.Firefox -->
