<?xml version="1.0" encoding="UTF-8"?>
<!-- Generated by org.testng.reporters.JUnitReportReporter -->
<testsuite skipped="2" hostname="DESKTOP-R9PDO4C" name="com.selenium.unittest.max.Home" tests="2" failures="0" timestamp="22 Nov 2017 02:54:52 GMT" time="0.000" errors="0">
  <testcase name="linkRegister" time="0.000" classname="com.selenium.unittest.max.Home">
    <skipped/>
  </testcase> <!-- linkRegister -->
  <testcase name="linkSignIn" time="0.000" classname="com.selenium.unittest.max.Home">
    <skipped/>
  </testcase> <!-- linkSignIn -->
</testsuite> <!-- com.selenium.unittest.max.Home -->
