<?xml version="1.0" encoding="UTF-8"?>
<!-- Generated by org.testng.reporters.JUnitReportReporter -->
<testsuite skipped="2" hostname="DESKTOP-R9PDO4C" name="com.selenium.unittest.max.Registration" tests="2" failures="0" timestamp="22 Nov 2017 02:54:52 GMT" time="0.000" errors="0">
  <testcase name="emptyEmail" time="0.000" classname="com.selenium.unittest.max.Registration">
    <skipped/>
  </testcase> <!-- emptyEmail -->
  <testcase name="selectPlan" classname="com.selenium.unittest.max.Registration">
    <skipped/>
  </testcase> <!-- selectPlan -->
</testsuite> <!-- com.selenium.unittest.max.Registration -->
