<?xml version="1.0" encoding="UTF-8"?>
<!-- Generated by org.testng.reporters.JUnitReportReporter -->
<testsuite skipped="1" hostname="DESKTOP-R9PDO4C" name="com.test.Testng" tests="1" failures="0" timestamp="22 Nov 2017 02:54:52 GMT" time="0.000" errors="0">
  <testcase name="test1" time="0.000" classname="com.test.Testng">
    <skipped/>
  </testcase> <!-- test1 -->
</testsuite> <!-- com.test.Testng -->
